{
  "RSpec": {
    "coverage": {
      "/Users/dianenguyen/Development/code/tic-tac-toe-rb/lib/tic_tac_toe.rb": [
        null,
        null,
        null,
        null,
        null,
        1,
        null,
        null,
        null,
        null,
        null,
        null,
        null,
        null,
        null,
        1,
        36,
        36,
        36,
        36,
        36,
        36,
        36,
        null,
        null,
        1,
        23,
        null,
        null,
        1,
        22,
        null,
        null,
        1,
        27,
        null,
        null,
        1,
        23,
        null,
        null,
        1,
        21,
        21,
        null,
        189,
        31,
        null,
        null,
        21,
        null,
        null,
        1,
        20,
        null,
        null,
        1,
        20,
        20,
        20,
        null,
        20,
        19,
        19,
        19,
        null,
        1,
        1,
        1,
        null,
        null,
        null,
        1,
        57,
        null,
        392,
        392,
        392,
        null,
        392,
        392,
        392,
        null,
        392,
        16,
        752,
        null,
        null,
        null,
        null,
        1,
        138,
        null,
        null,
        1,
        28,
        7,
        null,
        21,
        null,
        null,
        null,
        1,
        21,
        null,
        null,
        1,
        7,
        null,
        33,
        4,
        29,
        2,
        null,
        null,
        null,
        null,
        null,
        null,
        1,
        12,
        null,
        12,
        17,
        null,
        null,
        12,
        3,
        3,
        9,
        5,
        null,
        null,
        null,
        null
      ]
    },
    "timestamp": 1626801027
  }
}
